1524394748:start:extract             : host-lzip
1524394748:end  :extract             : host-lzip
1524394748:start:patch               : host-lzip
1524394748:end  :patch               : host-lzip
1524394748:start:configure           : host-lzip
1524394748:end  :configure           : host-lzip
1524394748:start:build               : host-lzip
1524394749:end  :build               : host-lzip
1524394749:start:install-host        : host-lzip
1524394749:end  :install-host        : host-lzip
1524394749:start:extract             : host-ccache
1524394750:end  :extract             : host-ccache
1524394750:start:patch               : host-ccache
1524394750:end  :patch               : host-ccache
1524394750:start:configure           : host-ccache
1524394752:end  :configure           : host-ccache
1524394752:start:build               : host-ccache
1524394753:end  :build               : host-ccache
1524394753:start:install-host        : host-ccache
1524394753:end  :install-host        : host-ccache
1524394839:start:extract             : host-binutils
1524394841:end  :extract             : host-binutils
1524394841:start:patch               : host-binutils
1524394841:end  :patch               : host-binutils
1524394841:start:configure           : host-binutils
1524394842:end  :configure           : host-binutils
1524394842:start:build               : host-binutils
1524394856:end  :build               : host-binutils
1524394856:start:install-host        : host-binutils
1524394857:end  :install-host        : host-binutils
1524394857:start:extract             : host-m4
1524394857:end  :extract             : host-m4
1524394857:start:patch               : host-m4
1524394857:end  :patch               : host-m4
1524394857:start:configure           : host-m4
1524394869:end  :configure           : host-m4
1524394869:start:build               : host-m4
1524394870:end  :build               : host-m4
1524394870:start:install-host        : host-m4
1524394870:end  :install-host        : host-m4
1524394870:start:extract             : host-gmp
1524394870:end  :extract             : host-gmp
1524394870:start:patch               : host-gmp
1524394870:end  :patch               : host-gmp
1524394870:start:configure           : host-gmp
1524394879:end  :configure           : host-gmp
1524394879:start:build               : host-gmp
1524394888:end  :build               : host-gmp
1524394888:start:install-host        : host-gmp
1524394888:end  :install-host        : host-gmp
1524394888:start:extract             : host-mpfr
1524394888:end  :extract             : host-mpfr
1524394888:start:patch               : host-mpfr
1524394888:end  :patch               : host-mpfr
1524394888:start:configure           : host-mpfr
1524394891:end  :configure           : host-mpfr
1524394891:start:build               : host-mpfr
1524394896:end  :build               : host-mpfr
1524394896:start:install-host        : host-mpfr
1524394897:end  :install-host        : host-mpfr
1524394897:start:extract             : host-mpc
1524394897:end  :extract             : host-mpc
1524394897:start:patch               : host-mpc
1524394897:end  :patch               : host-mpc
1524394897:start:configure           : host-mpc
1524394899:end  :configure           : host-mpc
1524394899:start:build               : host-mpc
1524394901:end  :build               : host-mpc
1524394901:start:install-host        : host-mpc
1524394901:end  :install-host        : host-mpc
1524394901:start:extract             : host-gcc-initial
1524394907:end  :extract             : host-gcc-initial
1524394907:start:patch               : host-gcc-initial
1524394907:end  :patch               : host-gcc-initial
1524394907:start:configure           : host-gcc-initial
1524394908:end  :configure           : host-gcc-initial
1524394908:start:build               : host-gcc-initial
1524394942:end  :build               : host-gcc-initial
1524394942:start:install-host        : host-gcc-initial
1524394944:end  :install-host        : host-gcc-initial
1524394945:start:extract             : skeleton-init-common
1524394945:end  :extract             : skeleton-init-common
1524394945:start:patch               : skeleton-init-common
1524394945:end  :patch               : skeleton-init-common
1524394945:start:configure           : skeleton-init-common
1524394945:end  :configure           : skeleton-init-common
1524394945:start:build               : skeleton-init-common
1524394945:end  :build               : skeleton-init-common
1524394945:start:install-staging     : skeleton-init-common
1524394945:end  :install-staging     : skeleton-init-common
1524394945:start:install-target      : skeleton-init-common
1524394945:end  :install-target      : skeleton-init-common
1524394945:start:extract             : skeleton-init-sysv
1524394945:end  :extract             : skeleton-init-sysv
1524394945:start:patch               : skeleton-init-sysv
1524394945:end  :patch               : skeleton-init-sysv
1524394945:start:configure           : skeleton-init-sysv
1524394945:end  :configure           : skeleton-init-sysv
1524394945:start:build               : skeleton-init-sysv
1524394945:end  :build               : skeleton-init-sysv
1524394945:start:install-target      : skeleton-init-sysv
1524394945:end  :install-target      : skeleton-init-sysv
1524394945:start:extract             : skeleton
1524394945:end  :extract             : skeleton
1524394945:start:patch               : skeleton
1524394945:end  :patch               : skeleton
1524394945:start:configure           : skeleton
1524394945:end  :configure           : skeleton
1524394945:start:build               : skeleton
1524394945:end  :build               : skeleton
1524394945:start:install-target      : skeleton
1524394945:end  :install-target      : skeleton
1524394945:start:extract             : linux-headers
1524394951:end  :extract             : linux-headers
1524394951:start:patch               : linux-headers
1524394952:end  :patch               : linux-headers
1524394952:start:configure           : linux-headers
1524394955:end  :configure           : linux-headers
1524394955:start:build               : linux-headers
1524394955:end  :build               : linux-headers
1524394955:start:install-staging     : linux-headers
1524394957:end  :install-staging     : linux-headers
1524394957:start:install-target      : linux-headers
1524394957:end  :install-target      : linux-headers
1524394957:start:extract             : uclibc
1524394958:end  :extract             : uclibc
1524394958:start:patch               : uclibc
1524394958:end  :patch               : uclibc
1524394959:start:configure           : uclibc
1524394959:end  :configure           : uclibc
1524394959:start:build               : uclibc
1524394970:end  :build               : uclibc
1524394970:start:install-staging     : uclibc
1524394972:end  :install-staging     : uclibc
1524394972:start:install-target      : uclibc
1524394974:end  :install-target      : uclibc
1524394974:start:extract             : host-gcc-final
1524394980:end  :extract             : host-gcc-final
1524394980:start:patch               : host-gcc-final
1524394980:end  :patch               : host-gcc-final
1524394980:start:configure           : host-gcc-final
1524394981:end  :configure           : host-gcc-final
1524394981:start:build               : host-gcc-final
1524395022:end  :build               : host-gcc-final
1524395022:start:install-host        : host-gcc-final
1524395025:end  :install-host        : host-gcc-final
1524395025:start:extract             : toolchain-buildroot
1524395025:end  :extract             : toolchain-buildroot
1524395025:start:patch               : toolchain-buildroot
1524395025:end  :patch               : toolchain-buildroot
1524395025:start:configure           : toolchain-buildroot
1524395025:end  :configure           : toolchain-buildroot
1524395025:start:build               : toolchain-buildroot
1524395025:end  :build               : toolchain-buildroot
1524395025:start:install-target      : toolchain-buildroot
1524395025:end  :install-target      : toolchain-buildroot
1524395025:start:extract             : toolchain
1524395025:end  :extract             : toolchain
1524395025:start:patch               : toolchain
1524395025:end  :patch               : toolchain
1524395025:start:configure           : toolchain
1524395025:end  :configure           : toolchain
1524395025:start:build               : toolchain
1524395025:end  :build               : toolchain
1524395025:start:install-target      : toolchain
1524395025:end  :install-target      : toolchain
1524395025:start:extract             : busybox
1524395026:end  :extract             : busybox
1524395026:start:patch               : busybox
1524395026:end  :patch               : busybox
1524395032:start:configure           : busybox
1524395032:end  :configure           : busybox
1524395032:start:build               : busybox
1524395037:end  :build               : busybox
1524395037:start:install-target      : busybox
1524395039:end  :install-target      : busybox
1524395039:start:extract             : host-pkgconf
1524395039:end  :extract             : host-pkgconf
1524395039:start:patch               : host-pkgconf
1524395039:end  :patch               : host-pkgconf
1524395039:start:configure           : host-pkgconf
1524395039:end  :configure           : host-pkgconf
1524395039:start:build               : host-pkgconf
1524395040:end  :build               : host-pkgconf
1524395040:start:install-host        : host-pkgconf
1524395040:end  :install-host        : host-pkgconf
1524395040:start:extract             : host-libtool
1524395040:end  :extract             : host-libtool
1524395040:start:patch               : host-libtool
1524395040:end  :patch               : host-libtool
1524395040:start:configure           : host-libtool
1524395047:end  :configure           : host-libtool
1524395047:start:build               : host-libtool
1524395048:end  :build               : host-libtool
1524395048:start:install-host        : host-libtool
1524395048:end  :install-host        : host-libtool
1524395048:start:extract             : host-autoconf
1524395048:end  :extract             : host-autoconf
1524395048:start:patch               : host-autoconf
1524395048:end  :patch               : host-autoconf
1524395048:start:configure           : host-autoconf
1524395050:end  :configure           : host-autoconf
1524395050:start:build               : host-autoconf
1524395051:end  :build               : host-autoconf
1524395051:start:install-host        : host-autoconf
1524395051:end  :install-host        : host-autoconf
1524395051:start:extract             : host-automake
1524395051:end  :extract             : host-automake
1524395051:start:patch               : host-automake
1524395051:end  :patch               : host-automake
1524395051:start:configure           : host-automake
1524395052:end  :configure           : host-automake
1524395052:start:build               : host-automake
1524395053:end  :build               : host-automake
1524395053:start:install-host        : host-automake
1524395053:end  :install-host        : host-automake
1524395053:start:extract             : host-util-linux
1524395053:end  :extract             : host-util-linux
1524395053:start:patch               : host-util-linux
1524395053:end  :patch               : host-util-linux
1524395053:start:configure           : host-util-linux
1524395069:end  :configure           : host-util-linux
1524395069:start:build               : host-util-linux
1524395076:end  :build               : host-util-linux
1524395076:start:install-host        : host-util-linux
1524395077:end  :install-host        : host-util-linux
1524395077:start:extract             : host-e2fsprogs
1524395077:end  :extract             : host-e2fsprogs
1524395077:start:patch               : host-e2fsprogs
1524395077:end  :patch               : host-e2fsprogs
1524395077:start:configure           : host-e2fsprogs
1524395086:end  :configure           : host-e2fsprogs
1524395086:start:build               : host-e2fsprogs
1524395087:end  :build               : host-e2fsprogs
1524395087:start:install-host        : host-e2fsprogs
1524395087:end  :install-host        : host-e2fsprogs
1524395088:start:extract             : ifupdown-scripts
1524395088:end  :extract             : ifupdown-scripts
1524395088:start:patch               : ifupdown-scripts
1524395088:end  :patch               : ifupdown-scripts
1524395088:start:configure           : ifupdown-scripts
1524395088:end  :configure           : ifupdown-scripts
1524395088:start:build               : ifupdown-scripts
1524395088:end  :build               : ifupdown-scripts
1524395088:start:install-target      : ifupdown-scripts
1524395088:end  :install-target      : ifupdown-scripts
1524395088:start:extract             : initscripts
1524395088:end  :extract             : initscripts
1524395088:start:patch               : initscripts
1524395088:end  :patch               : initscripts
1524395088:start:configure           : initscripts
1524395088:end  :configure           : initscripts
1524395088:start:build               : initscripts
1524395088:end  :build               : initscripts
1524395088:start:install-target      : initscripts
1524395088:end  :install-target      : initscripts
1524395088:start:extract             : host-patchelf
1524395088:end  :extract             : host-patchelf
1524395088:start:patch               : host-patchelf
1524395088:end  :patch               : host-patchelf
1524395088:start:configure           : host-patchelf
1524395089:end  :configure           : host-patchelf
1524395089:start:build               : host-patchelf
1524395089:end  :build               : host-patchelf
1524395089:start:install-host        : host-patchelf
1524395089:end  :install-host        : host-patchelf
1524395090:start:extract             : host-kmod
1524395090:end  :extract             : host-kmod
1524395090:start:patch               : host-kmod
1524395090:end  :patch               : host-kmod
1524395090:start:configure           : host-kmod
1524395093:end  :configure           : host-kmod
1524395093:start:build               : host-kmod
1524395094:end  :build               : host-kmod
1524395094:start:install-host        : host-kmod
1524395094:end  :install-host        : host-kmod
1524395094:start:extract             : linux
1524395101:end  :extract             : linux
1524395101:start:patch               : linux
1524395101:end  :patch               : linux
1524395103:start:configure           : linux
1524395103:end  :configure           : linux
1524395103:start:build               : linux
1524395115:end  :build               : linux
1524395115:start:install-target      : linux
1524395116:end  :install-target      : linux
1524395116:start:install-image       : linux
1524395116:end  :install-image       : linux
1524395116:start:extract             : host-attr
1524395116:end  :extract             : host-attr
1524395116:start:patch               : host-attr
1524395116:end  :patch               : host-attr
1524395116:start:configure           : host-attr
1524395118:end  :configure           : host-attr
1524395118:start:build               : host-attr
1524395118:end  :build               : host-attr
1524395118:start:install-host        : host-attr
1524395118:end  :install-host        : host-attr
1524395118:start:extract             : host-acl
1524395118:end  :extract             : host-acl
1524395118:start:patch               : host-acl
1524395118:end  :patch               : host-acl
1524395118:start:configure           : host-acl
1524395120:end  :configure           : host-acl
1524395120:start:build               : host-acl
1524395120:end  :build               : host-acl
1524395120:start:install-host        : host-acl
1524395121:end  :install-host        : host-acl
1524395121:start:extract             : host-fakeroot
1524395121:end  :extract             : host-fakeroot
1524395121:start:patch               : host-fakeroot
1524395121:end  :patch               : host-fakeroot
1524395121:start:configure           : host-fakeroot
1524395125:end  :configure           : host-fakeroot
1524395125:start:build               : host-fakeroot
1524395125:end  :build               : host-fakeroot
1524395125:start:install-host        : host-fakeroot
1524395125:end  :install-host        : host-fakeroot
1524395125:start:extract             : host-makedevs
1524395125:end  :extract             : host-makedevs
1524395125:start:patch               : host-makedevs
1524395125:end  :patch               : host-makedevs
1524395125:start:configure           : host-makedevs
1524395125:end  :configure           : host-makedevs
1524395125:start:build               : host-makedevs
1524395125:end  :build               : host-makedevs
1524395125:start:install-host        : host-makedevs
1524395125:end  :install-host        : host-makedevs
